<?xml version="1.0" encoding="UTF-8"?>
<!-- Generated by org.testng.reporters.JUnitReportReporter -->
<testsuite skipped="0" hostname="DESKTOP-R2KE26K" name="com.mmt.tests.MmtTests" tests="1" failures="0" timestamp="2020-11-21T17:29:45 IST" time="22.419" errors="0">
  <testcase name="verifyAppInit" time="22.419" classname="com.mmt.tests.MmtTests"/>
  <system-out/>
</testsuite> <!-- com.mmt.tests.MmtTests -->
